<?xml version="1.0" encoding="UTF-8"?>
<testsuite name="br.com.zup.grpc.BeagleScreenServiceTest" tests="2" skipped="0" failures="0" errors="0" timestamp="2021-06-07T19:03:50" hostname="zup" time="0.027">
  <properties/>
  <testcase name="Assert that getScreenByName does not returns a non existent screen()" classname="br.com.zup.grpc.BeagleScreenServiceTest" time="0.02"/>
  <testcase name="Assert that method getScreenByName() returns a Beagle Screen()" classname="br.com.zup.grpc.BeagleScreenServiceTest" time="0.006"/>
  <system-out><![CDATA[]]></system-out>
  <system-err><![CDATA[]]></system-err>
</testsuite>
